<?xml version="1.0" ?>
<testsuite errors="0" failures="0" name="TestStringMethods-20160813232404" tests="3" time="0.000">
	<testcase classname="TestStringMethods" name="test_isupper" time="0.000"/>
	<testcase classname="TestStringMethods" name="test_split" time="0.000"/>
	<testcase classname="TestStringMethods" name="test_upper" time="0.000"/>
	<system-out>
<![CDATA[]]>	</system-out>
	<system-err>
<![CDATA[]]>	</system-err>
</testsuite>
